2023-10-01T16:10:47.166+05:30  INFO 16572 --- [main] com.lcwd.todo.TodoManagerApplication     : Starting TodoManagerApplication using Java 17.0.7 with PID 16572 (E:\LCWD Course\SpringBootWithDurgesh\todo-manager\todo-manager\target\classes started by Srijan in E:\LCWD Course\SpringBootWithDurgesh\todo-manager\todo-manager)
2023-10-01T16:10:47.176+05:30  INFO 16572 --- [main] com.lcwd.todo.TodoManagerApplication     : No active profile set, falling back to 1 default profile: "default"
2023-10-01T16:10:49.699+05:30  INFO 16572 --- [main] o.s.b.w.embedded.tomcat.TomcatWebServer  : Tomcat initialized with port(s): 9090 (http)
2023-10-01T16:10:49.712+05:30  INFO 16572 --- [main] o.apache.catalina.core.StandardService   : Starting service [Tomcat]
2023-10-01T16:10:49.713+05:30  INFO 16572 --- [main] o.apache.catalina.core.StandardEngine    : Starting Servlet engine: [Apache Tomcat/10.1.13]
2023-10-01T16:10:49.918+05:30  INFO 16572 --- [main] o.a.c.c.C.[Tomcat].[localhost].[/]       : Initializing Spring embedded WebApplicationContext
2023-10-01T16:10:49.919+05:30  INFO 16572 --- [main] w.s.c.ServletWebServerApplicationContext : Root WebApplicationContext: initialization completed in 2601 ms
2023-10-01T16:10:50.793+05:30  INFO 16572 --- [main] o.s.b.w.embedded.tomcat.TomcatWebServer  : Tomcat started on port(s): 9090 (http) with context path ''
2023-10-01T16:10:50.817+05:30  INFO 16572 --- [main] com.lcwd.todo.TodoManagerApplication     : Started TodoManagerApplication in 4.975 seconds (process running for 5.88)
2023-10-01T16:10:58.887+05:30  INFO 16572 --- [http-nio-9090-exec-2] o.a.c.c.C.[Tomcat].[localhost].[/]       : Initializing Spring DispatcherServlet 'dispatcherServlet'
2023-10-01T16:10:58.888+05:30  INFO 16572 --- [http-nio-9090-exec-2] o.s.web.servlet.DispatcherServlet        : Initializing Servlet 'dispatcherServlet'
2023-10-01T16:10:58.890+05:30  INFO 16572 --- [http-nio-9090-exec-2] o.s.web.servlet.DispatcherServlet        : Completed initialization in 2 ms
2023-10-01T16:10:59.049+05:30  INFO 16572 --- [http-nio-9090-exec-2] c.lcwd.todo.controller.FileController    : File name : 21c66e61e2-result-20230907164941-360-480.jpeg
2023-10-01T16:10:59.051+05:30  INFO 16572 --- [http-nio-9090-exec-2] c.lcwd.todo.controller.FileController    : Content type:image/jpeg
2023-10-01T16:10:59.051+05:30  INFO 16572 --- [http-nio-9090-exec-2] c.lcwd.todo.controller.FileController    : File size : 37825
2023-10-01T16:10:59.051+05:30  INFO 16572 --- [http-nio-9090-exec-2] c.lcwd.todo.controller.FileController    : File name : 94c8776ebcc3387c1d71bdf0d6d7e97d.jpg
2023-10-01T16:10:59.051+05:30  INFO 16572 --- [http-nio-9090-exec-2] c.lcwd.todo.controller.FileController    : Content type:image/jpeg
2023-10-01T16:10:59.052+05:30  INFO 16572 --- [http-nio-9090-exec-2] c.lcwd.todo.controller.FileController    : File size : 24033
2023-10-01T16:10:59.052+05:30  INFO 16572 --- [http-nio-9090-exec-2] c.lcwd.todo.controller.FileController    : File name : 71063-joker-movie-joker-hd-superheroes-supervillain-hd-4k.jpg
2023-10-01T16:10:59.052+05:30  INFO 16572 --- [http-nio-9090-exec-2] c.lcwd.todo.controller.FileController    : Content type:image/jpeg
2023-10-01T16:10:59.052+05:30  INFO 16572 --- [http-nio-9090-exec-2] c.lcwd.todo.controller.FileController    : File size : 1002989
2023-10-01T16:10:59.053+05:30  INFO 16572 --- [http-nio-9090-exec-2] c.lcwd.todo.controller.FileController    : File name : 4089843-fortnitekidlaroi.jpg
2023-10-01T16:10:59.053+05:30  INFO 16572 --- [http-nio-9090-exec-2] c.lcwd.todo.controller.FileController    : Content type:image/jpeg
2023-10-01T16:10:59.053+05:30  INFO 16572 --- [http-nio-9090-exec-2] c.lcwd.todo.controller.FileController    : File size : 150438
2023-10-01T16:10:59.053+05:30  INFO 16572 --- [http-nio-9090-exec-2] c.lcwd.todo.controller.FileController    : File name : 1520113553494.jpg
2023-10-01T16:10:59.053+05:30  INFO 16572 --- [http-nio-9090-exec-2] c.lcwd.todo.controller.FileController    : Content type:image/jpeg
2023-10-01T16:10:59.054+05:30  INFO 16572 --- [http-nio-9090-exec-2] c.lcwd.todo.controller.FileController    : File size : 97511
2023-10-01T16:45:23.533+05:30  INFO 812 --- [main] com.lcwd.todo.TodoManagerApplication     : Starting TodoManagerApplication using Java 17.0.7 with PID 812 (E:\LCWD Course\SpringBootWithDurgesh\todo-manager\todo-manager\target\classes started by Srijan in E:\LCWD Course\SpringBootWithDurgesh\todo-manager\todo-manager)
2023-10-01T16:45:23.538+05:30  INFO 812 --- [main] com.lcwd.todo.TodoManagerApplication     : No active profile set, falling back to 1 default profile: "default"
2023-10-01T16:45:25.612+05:30  INFO 812 --- [main] o.s.b.w.embedded.tomcat.TomcatWebServer  : Tomcat initialized with port(s): 9090 (http)
2023-10-01T16:45:25.627+05:30  INFO 812 --- [main] o.apache.catalina.core.StandardService   : Starting service [Tomcat]
2023-10-01T16:45:25.628+05:30  INFO 812 --- [main] o.apache.catalina.core.StandardEngine    : Starting Servlet engine: [Apache Tomcat/10.1.13]
2023-10-01T16:45:25.801+05:30  INFO 812 --- [main] o.a.c.c.C.[Tomcat].[localhost].[/]       : Initializing Spring embedded WebApplicationContext
2023-10-01T16:45:25.802+05:30  INFO 812 --- [main] w.s.c.ServletWebServerApplicationContext : Root WebApplicationContext: initialization completed in 2153 ms
2023-10-01T16:45:26.388+05:30  INFO 812 --- [main] o.s.b.w.embedded.tomcat.TomcatWebServer  : Tomcat started on port(s): 9090 (http) with context path ''
2023-10-01T16:45:26.410+05:30  INFO 812 --- [main] com.lcwd.todo.TodoManagerApplication     : Started TodoManagerApplication in 3.833 seconds (process running for 4.673)
2023-10-01T16:46:28.978+05:30  INFO 812 --- [http-nio-9090-exec-2] o.a.c.c.C.[Tomcat].[localhost].[/]       : Initializing Spring DispatcherServlet 'dispatcherServlet'
2023-10-01T16:46:28.981+05:30  INFO 812 --- [http-nio-9090-exec-2] o.s.web.servlet.DispatcherServlet        : Initializing Servlet 'dispatcherServlet'
2023-10-01T16:46:28.993+05:30  INFO 812 --- [http-nio-9090-exec-2] o.s.web.servlet.DispatcherServlet        : Completed initialization in 8 ms
